2020-08-02 08:54:56,785 INFO o.s.t.c.s.AbstractTestContextBootstrapper [main] Neither @ContextConfiguration nor @ContextHierarchy found for test class [com.concord.coder.ConcordCoderApplicationTests], using SpringBootContextLoader
2020-08-02 08:54:56,792 INFO o.s.t.c.s.AbstractContextLoader [main] Could not detect default resource locations for test class [com.concord.coder.ConcordCoderApplicationTests]: no resource found for suffixes {-context.xml, Context.groovy}.
2020-08-02 08:54:56,793 INFO o.s.t.c.s.AnnotationConfigContextLoaderUtils [main] Could not detect default configuration classes for test class [com.concord.coder.ConcordCoderApplicationTests]: ConcordCoderApplicationTests does not declare any static, non-private, non-final, nested classes annotated with @Configuration.
2020-08-02 08:54:56,851 INFO o.s.b.t.c.SpringBootTestContextBootstrapper [main] Found @SpringBootConfiguration com.concord.coder.ConcordUserNameApplication for test class com.concord.coder.ConcordCoderApplicationTests
2020-08-02 08:54:56,903 INFO o.s.t.c.s.AbstractTestContextBootstrapper [main] Loaded default TestExecutionListener class names from location [META-INF/spring.factories]: [org.springframework.boot.test.mock.mockito.MockitoTestExecutionListener, org.springframework.boot.test.mock.mockito.ResetMocksTestExecutionListener, org.springframework.boot.test.autoconfigure.restdocs.RestDocsTestExecutionListener, org.springframework.boot.test.autoconfigure.web.client.MockRestServiceServerResetTestExecutionListener, org.springframework.boot.test.autoconfigure.web.servlet.MockMvcPrintOnlyOnFailureTestExecutionListener, org.springframework.boot.test.autoconfigure.web.servlet.WebDriverTestExecutionListener, org.springframework.boot.test.autoconfigure.webservices.client.MockWebServiceServerTestExecutionListener, org.springframework.test.context.web.ServletTestExecutionListener, org.springframework.test.context.support.DirtiesContextBeforeModesTestExecutionListener, org.springframework.test.context.support.DependencyInjectionTestExecutionListener, org.springframework.test.context.support.DirtiesContextTestExecutionListener, org.springframework.test.context.transaction.TransactionalTestExecutionListener, org.springframework.test.context.jdbc.SqlScriptsTestExecutionListener, org.springframework.test.context.event.EventPublishingTestExecutionListener]
2020-08-02 08:54:56,915 INFO o.s.t.c.s.AbstractTestContextBootstrapper [main] Using TestExecutionListeners: [org.springframework.test.context.web.ServletTestExecutionListener@5af5def9, org.springframework.test.context.support.DirtiesContextBeforeModesTestExecutionListener@3a45c42a, org.springframework.boot.test.mock.mockito.MockitoTestExecutionListener@36dce7ed, org.springframework.boot.test.autoconfigure.SpringBootDependencyInjectionTestExecutionListener@47a64f7d, org.springframework.test.context.support.DirtiesContextTestExecutionListener@33d05366, org.springframework.test.context.transaction.TransactionalTestExecutionListener@27a0a5a2, org.springframework.test.context.jdbc.SqlScriptsTestExecutionListener@7692cd34, org.springframework.test.context.event.EventPublishingTestExecutionListener@33aa93c, org.springframework.boot.test.mock.mockito.ResetMocksTestExecutionListener@32c0915e, org.springframework.boot.test.autoconfigure.restdocs.RestDocsTestExecutionListener@106faf11, org.springframework.boot.test.autoconfigure.web.client.MockRestServiceServerResetTestExecutionListener@70f43b45, org.springframework.boot.test.autoconfigure.web.servlet.MockMvcPrintOnlyOnFailureTestExecutionListener@26d10f2e, org.springframework.boot.test.autoconfigure.web.servlet.WebDriverTestExecutionListener@10ad20cb, org.springframework.boot.test.autoconfigure.webservices.client.MockWebServiceServerTestExecutionListener@7dd712e8]
2020-08-02 08:54:57,143 INFO o.s.b.StartupInfoLogger [main] Starting ConcordCoderApplicationTests on MAKSBOOK with PID 22334 (started by maksym in /home/maksym/Documents/Projects/concord-coder)
2020-08-02 08:54:57,146 INFO o.s.b.SpringApplication [main] No active profile set, falling back to default profiles: default
2020-08-02 08:54:57,514 INFO o.s.d.r.c.RepositoryConfigurationDelegate [main] Bootstrapping Spring Data JPA repositories in DEFERRED mode.
2020-08-02 08:54:57,555 INFO o.s.d.r.c.RepositoryConfigurationDelegate [main] Finished Spring Data repository scanning in 35ms. Found 1 JPA repository interfaces.
2020-08-02 08:54:57,854 INFO o.s.s.c.ExecutorConfigurationSupport [main] Initializing ExecutorService 'applicationTaskExecutor'
2020-08-02 08:54:57,864 INFO c.z.h.HikariDataSource [main] HikariPool-1 - Starting...
2020-08-02 08:54:57,991 INFO c.z.h.HikariDataSource [main] HikariPool-1 - Start completed.
2020-08-02 08:54:58,037 INFO o.h.j.i.u.LogHelper [task-1] HHH000204: Processing PersistenceUnitInfo [name: default]
2020-08-02 08:54:58,081 INFO o.h.Version [task-1] HHH000412: Hibernate ORM core version 5.4.18.Final
2020-08-02 08:54:58,183 INFO o.h.a.c.r.j.JavaReflectionManager [task-1] HCANN000001: Hibernate Commons Annotations {5.1.0.Final}
2020-08-02 08:54:58,201 WARN o.s.b.a.o.j.JpaBaseConfiguration$JpaWebConfiguration [main] spring.jpa.open-in-view is enabled by default. Therefore, database queries may be performed during view rendering. Explicitly configure spring.jpa.open-in-view to disable this warning
2020-08-02 08:54:58,275 INFO o.h.d.Dialect [task-1] HHH000400: Using dialect: org.hibernate.dialect.H2Dialect
2020-08-02 08:54:58,549 INFO o.s.d.r.c.DeferredRepositoryInitializationListener [main] Triggering deferred initialization of Spring Data repositories…
2020-08-02 08:54:58,677 INFO o.h.e.t.j.p.i.JtaPlatformInitiator [task-1] HHH000490: Using JtaPlatform implementation: [org.hibernate.engine.transaction.jta.platform.internal.NoJtaPlatform]
2020-08-02 08:54:58,683 INFO o.s.o.j.AbstractEntityManagerFactoryBean [task-1] Initialized JPA EntityManagerFactory for persistence unit 'default'
2020-08-02 08:54:58,781 INFO o.s.d.r.c.DeferredRepositoryInitializationListener [main] Spring Data repositories initialized!
2020-08-02 08:54:58,789 INFO o.s.b.StartupInfoLogger [main] Started ConcordCoderApplicationTests in 1.85 seconds (JVM running for 2.821)
2020-08-02 08:54:59,896 INFO o.s.o.j.AbstractEntityManagerFactoryBean [SpringContextShutdownHook] Closing JPA EntityManagerFactory for persistence unit 'default'
2020-08-02 08:54:59,896 INFO o.h.t.s.i.SchemaDropperImpl$DelayedDropActionImpl [SpringContextShutdownHook] HHH000477: Starting delayed evictData of schema as part of SessionFactory shut-down'
2020-08-02 08:54:59,899 INFO o.s.s.c.ExecutorConfigurationSupport [SpringContextShutdownHook] Shutting down ExecutorService 'applicationTaskExecutor'
2020-08-02 08:54:59,900 INFO c.z.h.HikariDataSource [SpringContextShutdownHook] HikariPool-1 - Shutdown initiated...
2020-08-02 08:54:59,903 INFO c.z.h.HikariDataSource [SpringContextShutdownHook] HikariPool-1 - Shutdown completed.
